**************************************************************
Map initialized for PID numbers 300-315
Thread 2200: Allocation Request ... allocated 300
Thread 2202: Allocation Request ... allocated 301
Thread 2218: Allocation Request ... allocated 302
Thread 2218: released 302
Thread 2220: Allocation Request ... allocated 303
Thread 2220: released 303
Thread 2225: Allocation Request ... allocated 304
Thread 2226: Allocation Request ... allocated 305
Thread 2229: Allocation Request ... allocated 306
Thread 2230: Allocation Request ... allocated 307
Thread 2237: Allocation Request ... allocated 308
Thread 2238: Allocation Request ... allocated 309
Thread 2248: Allocation Request ... allocated 310
Thread 2259: Allocation Request ... allocated 311
Thread 2262: Allocation Request ... allocated 312
Thread 2267: Allocation Request ... allocated 313
Thread 2270: Allocation Request ... allocated 314
Thread 2276: Allocation Request ... allocated 315
Thread 2278: Allocation Request ... allocated 316
Thread 2279: Allocation Request ... allocated 317
Thread 2279: released 317
Thread 2279: Allocation Request ... allocated 318
Thread 2279: released 318
Thread 2286: Allocation Request ... allocated 319
Thread 2297: Allocation Request ... allocated 320
Thread 2297: released 320
Thread 2298: Allocation Request ... allocated 321
Thread 2298: released 321
Thread 2201: Allocation Request ... allocated 322
Thread 2201: released 322
Thread 2201: Allocation Request ... allocated 323
Thread 2201: released 323
Thread 2202: released 301
Thread 2203: Allocation Request ... allocated 324
Thread 2207: Allocation Request ... allocated 325
Thread 2207: released 325
Thread 2219: Allocation Request ... allocated 326
Thread 2221: Allocation Request ... allocated 327
Thread 2222: Allocation Request ... allocated 328
Thread 2225: released 304
Thread 2226: released 305
Thread 2227: Allocation Request ... allocated 329
Thread 2233: Allocation Request ... allocated 330
Thread 2233: released 330
Thread 2236: Allocation Request ... allocated 331
Thread 2243: Allocation Request ... allocated 332
Thread 2244: Allocation Request ... allocated 333
Thread 2248: released 310
Thread 2249: Allocation Request ... allocated 334
Thread 2262: released 312
Thread 2263: Allocation Request ... allocated 335
Thread 2266: Allocation Request ... allocated 336
Thread 2275: Allocation Request ... allocated 337
Thread 2277: Allocation Request ... allocated 338
Thread 2277: released 338
Thread 2278: released 316
Thread 2285: Allocation Request ... allocated 339
Thread 2290: Allocation Request ... allocated 340
Thread 2292: Allocation Request ... allocated 341
Thread 2292: released 341
Thread 2292: Allocation Request ... allocated 342
Thread 2297: Allocation Request ... allocated 343
Thread 2297: released 343
Thread 2206: Allocation Request ... allocated 344
Thread 2206: released 344
Thread 2206: Allocation Request ... allocated 345
Thread 2206: released 345
Thread 2212: Allocation Request ... allocated 346
Thread 2212: released 346
Thread 2212: Allocation Request ... allocated 347
Thread 2215: Allocation Request ... allocated 348
Thread 2217: Allocation Request ... allocated 349
Thread 2218: Allocation Request ... allocated 350
Thread 2221: released 327
Thread 2221: Allocation Request ... allocated 302
Thread 2221: released 302
Thread 2226: Allocation Request ... allocated 303
Thread 2229: released 306
Thread 2230: released 307
Thread 2231: Allocation Request ... allocated 305
Thread 2232: Allocation Request ... allocated 306
Thread 2234: Allocation Request ... allocated 307
Thread 2238: released 309
Thread 2239: Allocation Request ... allocated 308
Thread 2236: released 331
Thread 2242: Allocation Request ... allocated 310
Thread 2242: released 310
Thread 2245: Allocation Request ... allocated 311
Thread 2244: released 333
Thread 2247: Allocation Request ... allocated 313
Thread 2250: Allocation Request ... allocated 317
Thread 2249: released 334
Thread 2252: Allocation Request ... allocated 328
Thread 2255: Allocation Request ... allocated 332
Thread 2256: Allocation Request ... allocated 334
Thread 2266: released 336
Thread 2272: Allocation Request ... allocated 335
Thread 2273: Allocation Request ... allocated 337
No PIDs to allocate
No PIDs to allocate
No PIDs to allocate
Thread 2281: released 337
Thread 2284: Allocation Request ... allocated 338
Thread 2284: released 338
Thread 2284: Allocation Request ... allocated 339
No PIDs to allocate
No PIDs to allocate
Thread 2288: released 339
Thread 2288: Allocation Request ... allocated 340
Thread 2292: released 342
Thread 2298: Allocation Request ... allocated 343
No PIDs to allocate
Thread 2200: released 300
Thread 2204: Allocation Request ... allocated 301
Thread 2204: released 301
Thread 2203: released 324
Thread 2210: Allocation Request ... allocated 302
Thread 2210: released 302
Thread 2210: Allocation Request ... allocated 303
Thread 2213: Allocation Request ... allocated 325
Thread 2219: released 326
Thread 2223: Allocation Request ... allocated 327
No PIDs to allocate
No PIDs to allocate
Thread 2226: released 303
Thread 2230: Allocation Request ... allocated 304
No PIDs to allocate
No PIDs to allocate
Thread 2245: released 311
Thread 2248: Allocation Request ... allocated 312
Thread 2248: released 312
Thread 2251: Allocation Request ... allocated 313
No PIDs to allocate
No PIDs to allocate
No PIDs to allocate
Thread 2255: released 332
Thread 2258: Allocation Request ... allocated 333
No PIDs to allocate
No PIDs to allocate
Thread 2270: released 314
Thread 2271: Allocation Request ... allocated 315
Thread 2276: released 315
Thread 2275: released 337
Thread 2278: Allocation Request ... allocated 316
Thread 2282: Allocation Request ... allocated 338
Thread 2286: released 319
Thread 2293: Allocation Request ... allocated 320
Thread 2293: released 320
Thread 2287: released 339
Thread 2296: Allocation Request ... allocated 321
Thread 2205: Allocation Request ... allocated 340
No PIDs to allocate
No PIDs to allocate
No PIDs to allocate
No PIDs to allocate
No PIDs to allocate
No PIDs to allocate
No PIDs to allocate
Thread 2220: released 340
Thread 2222: released 328
Thread 2225: Allocation Request ... allocated 341
Thread 2228: released 327
Thread 2229: Allocation Request ... allocated 328
Thread 2231: released 305
Thread 2235: Allocation Request ... allocated 329
Thread 2235: released 329
Thread 2235: Allocation Request ... allocated 330
Thread 2237: released 308
Thread 2237: Allocation Request ... allocated 306
Thread 2240: Allocation Request ... allocated 309
Thread 2240: released 309
Thread 2239: released 308
Thread 2241: released 304
Thread 2246: Allocation Request ... allocated 310
Thread 2242: released 304
Thread 2253: released 313
Thread 2253: Allocation Request ... allocated 305
Thread 2253: released 305
Thread 2257: Allocation Request ... allocated 306
Thread 2259: released 311
Thread 2260: Allocation Request ... allocated 309
Thread 2261: Allocation Request ... allocated 312
Thread 2261: released 312
Thread 2264: Allocation Request ... allocated 313
Thread 2265: Allocation Request ... allocated 314
Thread 2265: released 314
Thread 2267: released 313
Thread 2269: Allocation Request ... allocated 315
Thread 2266: released 333
Thread 2274: Allocation Request ... allocated 314
Thread 2272: released 335
Thread 2283: Allocation Request ... allocated 334
Thread 2289: Allocation Request ... allocated 336
Thread 2289: released 336
Thread 2286: Allocation Request ... allocated 337
Thread 2285: released 339
Thread 2291: Allocation Request ... allocated 340
Thread 2290: released 340
Thread 2294: Allocation Request ... allocated 341
No PIDs to allocate
Thread 2296: released 321
Thread 2299: released 343
Thread 2299: Allocation Request ... allocated 322
Thread 2202: Allocation Request ... allocated 344
No PIDs to allocate
Thread 2207: released 340
Thread 2214: released 340
Thread 2217: released 349
Thread 2223: released 327
Thread 2227: released 329
Thread 2228: Allocation Request ... allocated 328
Thread 2232: released 306
Thread 2232: Allocation Request ... allocated 307
Thread 2232: released 307
Thread 2233: Allocation Request ... allocated 308
Thread 2238: Allocation Request ... allocated 330
Thread 2236: Allocation Request ... allocated 341
Thread 2243: released 332
Thread 2244: Allocation Request ... allocated 333
Thread 2247: released 313
Thread 2251: released 313
Thread 2251: Allocation Request ... allocated 314
Thread 2251: released 314
Thread 2252: released 328
Thread 2258: released 333
Thread 2258: Allocation Request ... allocated 315
Thread 2259: Allocation Request ... allocated 329
Thread 2262: Allocation Request ... allocated 334
Thread 2262: released 334
Thread 2263: released 335
Thread 2265: Allocation Request ... allocated 335
Thread 2264: released 313
Thread 2268: released 333
Thread 2277: released 337
Thread 2288: released 340
Thread 2285: Allocation Request ... allocated 336
Thread 2291: released 340
Thread 2291: Allocation Request ... allocated 314
Thread 2290: Allocation Request ... allocated 334
Thread 2284: released 339
Thread 2296: Allocation Request ... allocated 338
Thread 2299: released 322
Thread 2200: Allocation Request ... allocated 323
Thread 2204: Allocation Request ... allocated 340
Thread 2208: released 340
Thread 2208: Allocation Request ... allocated 341
Thread 2212: released 347
Thread 2213: released 325
Thread 2211: released 340
Thread 2215: released 348
Thread 2219: Allocation Request ... allocated 326
Thread 2222: Allocation Request ... allocated 341
Thread 2225: released 341
Thread 2227: Allocation Request ... allocated 342
Thread 2228: released 328
Thread 2230: released 304
Thread 2231: Allocation Request ... allocated 305
Thread 2234: released 307
Thread 2234: Allocation Request ... allocated 308
Thread 2237: released 306
Thread 2239: Allocation Request ... allocated 307
Thread 2241: Allocation Request ... allocated 329
Thread 2246: released 310
Thread 2246: Allocation Request ... allocated 311
Thread 2250: released 317
Thread 2256: released 334
Thread 2255: Allocation Request ... allocated 318
Thread 2257: released 306
Thread 2261: Allocation Request ... allocated 307
Thread 2265: released 335
Thread 2267: Allocation Request ... allocated 335
Thread 2264: Allocation Request ... allocated 336
Thread 2270: Allocation Request ... allocated 348
Thread 2268: Allocation Request ... allocated 349
Thread 2268: released 349
Thread 2273: released 337
Thread 2273: Allocation Request ... allocated 350
Thread 2276: Allocation Request ... allocated 338
No PIDs to allocate
Thread 2278: released 316
Thread 2280: released 337
Thread 2281: Allocation Request ... allocated 317
Thread 2281: released 317
Thread 2282: released 338
Thread 2282: Allocation Request ... allocated 318
Thread 2286: released 337
Thread 2289: Allocation Request ... allocated 338
Thread 2293: Allocation Request ... allocated 339
Thread 2285: released 336
Thread 2287: Allocation Request ... allocated 337
Thread 2298: released 343
Thread 2205: released 340
Thread 2205: Allocation Request ... allocated 341
Thread 2204: released 340
Thread 2202: released 344
Thread 2209: released 340
Thread 2210: released 303
Thread 2211: Allocation Request ... allocated 304
Thread 2219: released 326
Thread 2224: released 327
Thread 2222: released 341
Thread 2227: released 342
Thread 2235: released 330
Thread 2236: released 341
Thread 2240: Allocation Request ... allocated 327
Thread 2238: released 330
Thread 2243: Allocation Request ... allocated 328
Thread 2244: released 333
Thread 2245: Allocation Request ... allocated 331
Thread 2249: released 313
Thread 2252: Allocation Request ... allocated 314
Thread 2254: released 313
Thread 2256: Allocation Request ... allocated 314
Thread 2260: released 309
Thread 2260: Allocation Request ... allocated 310
Thread 2259: released 329
Thread 2261: released 307
Thread 2269: released 315
Thread 2271: released 315
Thread 2272: Allocation Request ... allocated 308
Thread 2274: released 314
Thread 2274: Allocation Request ... allocated 315
Thread 2282: released 318
Thread 2280: Allocation Request ... allocated 316
Thread 2290: released 334
Thread 2294: released 341
Thread 2293: released 339
Thread 2200: released 323
Thread 2216: released 340
Thread 2216: Allocation Request ... allocated 319
Thread 2209: Allocation Request ... allocated 324
Thread 2223: Allocation Request ... allocated 330
Thread 2229: released 328
Thread 2240: released 327
Thread 2239: released 307
Thread 2246: released 311
Thread 2247: Allocation Request ... allocated 308
Thread 2257: Allocation Request ... allocated 312
Thread 2263: Allocation Request ... allocated 328
Thread 2267: released 335
Thread 2275: released 338
Thread 2283: released 334
Thread 2291: released 314
Thread 2295: released 341
Thread 2205: released 341
Thread 2208: released 341
Thread 2203: released 344
Thread 2214: Allocation Request ... allocated 329
Thread 2217: Allocation Request ... allocated 315
Thread 2216: released 319
Thread 2209: released 324
Thread 2224: Allocation Request ... allocated 320
Thread 2231: released 305
Thread 2234: released 308
Thread 2233: released 308
Thread 2250: Allocation Request ... allocated 306
Thread 2252: released 314
Thread 2255: released 318
Thread 2258: released 315
Thread 2260: released 310
Thread 2264: released 336
Thread 2276: released 338
Thread 2289: released 338
Thread 2296: released 338
Thread 2213: Allocation Request ... allocated 309
Thread 2213: released 309
Thread 2215: Allocation Request ... allocated 310
Thread 2211: released 304
Thread 2241: released 329
Thread 2243: released 328
Thread 2250: released 306
Thread 2256: released 314
Thread 2269: Allocation Request ... allocated 311
Thread 2269: released 311
Thread 2270: released 348
Thread 2271: Allocation Request ... allocated 312
Thread 2272: released 308
Thread 2274: released 315
Thread 2283: Allocation Request ... allocated 305
Thread 2294: Allocation Request ... allocated 307
Thread 2287: released 337
Thread 2214: released 329
Thread 2217: released 315
Thread 2245: released 331
Thread 2254: Allocation Request ... allocated 309
Thread 2280: released 316
Thread 2215: released 310
Thread 2223: released 330
Thread 2247: released 308
Thread 2257: released 312
Thread 2263: released 328
Thread 2295: Allocation Request ... allocated 309
Thread 2224: released 320
Thread 2271: released 312
Thread 2283: released 305
Thread 2254: released 309
Thread 2294: released 307
Thread 2295: released 309
